# JRE version: OpenJDK Runtime Environment (8.0_152-b02) (build 1.8.0_152-release-1024-b02)
# Java VM: OpenJDK 64-Bit Server VM (25.152-b02 mixed mode windows-amd64 compressed oops)
Heap:
 PSYoungGen      total 352768K, used 255014K [0x00000000e0000000, 0x00000000fa580000, 0x0000000100000000)
  eden space 322560K, 70% used [0x00000000e0000000,0x00000000edf37670,0x00000000f3b00000)
  from space 30208K, 87% used [0x00000000f3b00000,0x00000000f54d2488,0x00000000f5880000)
  to   space 33280K, 0% used [0x00000000f8500000,0x00000000f8500000,0x00000000fa580000)
 ParOldGen       total 204288K, used 56979K [0x00000000a0000000, 0x00000000ac780000, 0x00000000e0000000)
  object space 204288K, 27% used [0x00000000a0000000,0x00000000a37a4d40,0x00000000ac780000)
 Metaspace       used 99393K, capacity 106068K, committed 106188K, reserved 1140736K
  class space    used 12747K, capacity 14214K, committed 14324K, reserved 1048576K
GC Heap History (10 events):
Event: 790.173 GC heap before
{Heap before GC invocations=33 (full 3):
 PSYoungGen      total 295424K, used 40779K [0x00000000e0000000, 0x00000000f3f80000, 0x0000000100000000)
  eden space 278016K, 8% used [0x00000000e0000000,0x00000000e16d67d8,0x00000000f0f80000)
  from space 17408K, 99% used [0x00000000f2300000,0x00000000f33fc4c8,0x00000000f3400000)
  to   space 11776K, 0% used [0x00000000f3400000,0x00000000f3400000,0x00000000f3f80000)
 ParOldGen       total 147968K, used 63296K [0x00000000a0000000, 0x00000000a9080000, 0x00000000e0000000)
  object space 147968K, 42% used [0x00000000a0000000,0x00000000a3dd02f8,0x00000000a9080000)
 Metaspace       used 92197K, capacity 98272K, committed 98380K, reserved 1134592K
  class space    used 11832K, capacity 13083K, committed 13172K, reserved 1048576K
Event: 790.187 GC heap after
Heap after GC invocations=33 (full 3):
 PSYoungGen      total 305664K, used 11762K [0x00000000e0000000, 0x00000000f5780000, 0x0000000100000000)
  eden space 293888K, 0% used [0x00000000e0000000,0x00000000e0000000,0x00000000f1f00000)
  from space 11776K, 99% used [0x00000000f3400000,0x00000000f3f7cb48,0x00000000f3f80000)
  to   space 21504K, 0% used [0x00000000f1f00000,0x00000000f1f00000,0x00000000f3400000)
 ParOldGen       total 147968K, used 65303K [0x00000000a0000000, 0x00000000a9080000, 0x00000000e0000000)
  object space 147968K, 44% used [0x00000000a0000000,0x00000000a3fc5d60,0x00000000a9080000)
 Metaspace       used 92197K, capacity 98272K, committed 98380K, reserved 1134592K
  class space    used 11832K, capacity 13083K, committed 13172K, reserved 1048576K
}
Event: 790.187 GC heap before
{Heap before GC invocations=34 (full 4):
 PSYoungGen      total 305664K, used 11762K [0x00000000e0000000, 0x00000000f5780000, 0x0000000100000000)
  eden space 293888K, 0% used [0x00000000e0000000,0x00000000e0000000,0x00000000f1f00000)
  from space 11776K, 99% used [0x00000000f3400000,0x00000000f3f7cb48,0x00000000f3f80000)
  to   space 21504K, 0% used [0x00000000f1f00000,0x00000000f1f00000,0x00000000f3400000)
 ParOldGen       total 147968K, used 65303K [0x00000000a0000000, 0x00000000a9080000, 0x00000000e0000000)
  object space 147968K, 44% used [0x00000000a0000000,0x00000000a3fc5d60,0x00000000a9080000)
 Metaspace       used 92197K, capacity 98272K, committed 98380K, reserved 1134592K
  class space    used 11832K, capacity 13083K, committed 13172K, reserved 1048576K
Event: 790.622 GC heap after
Heap after GC invocations=34 (full 4):
 PSYoungGen      total 305664K, used 0K [0x00000000e0000000, 0x00000000f5780000, 0x0000000100000000)
  eden space 293888K, 0% used [0x00000000e0000000,0x00000000e0000000,0x00000000f1f00000)
  from space 11776K, 0% used [0x00000000f3400000,0x00000000f3400000,0x00000000f3f80000)
  to   space 21504K, 0% used [0x00000000f1f00000,0x00000000f1f00000,0x00000000f3400000)
 ParOldGen       total 204288K, used 52428K [0x00000000a0000000, 0x00000000ac780000, 0x00000000e0000000)
  object space 204288K, 25% used [0x00000000a0000000,0x00000000a3333398,0x00000000ac780000)
 Metaspace       used 91963K, capacity 97586K, committed 98380K, reserved 1134592K
  class space    used 11753K, capacity 12948K, committed 13172K, reserved 1048576K
}
Event: 800.464 GC heap before
{Heap before GC invocations=35 (full 4):
 PSYoungGen      total 305664K, used 293888K [0x00000000e0000000, 0x00000000f5780000, 0x0000000100000000)
  eden space 293888K, 100% used [0x00000000e0000000,0x00000000f1f00000,0x00000000f1f00000)
  from space 11776K, 0% used [0x00000000f3400000,0x00000000f3400000,0x00000000f3f80000)
  to   space 21504K, 0% used [0x00000000f1f00000,0x00000000f1f00000,0x00000000f3400000)
 ParOldGen       total 204288K, used 52428K [0x00000000a0000000, 0x00000000ac780000, 0x00000000e0000000)
  object space 204288K, 25% used [0x00000000a0000000,0x00000000a3333398,0x00000000ac780000)
 Metaspace       used 98978K, capacity 105472K, committed 105548K, reserved 1140736K
  class space    used 12722K, capacity 14132K, committed 14196K, reserved 1048576K
Event: 800.501 GC heap after
Heap after GC invocations=35 (full 4):
 PSYoungGen      total 315392K, used 21498K [0x00000000e0000000, 0x00000000f7380000, 0x0000000100000000)
  eden space 293888K, 0% used [0x00000000e0000000,0x00000000e0000000,0x00000000f1f00000)
  from space 21504K, 99% used [0x00000000f1f00000,0x00000000f33fe8d0,0x00000000f3400000)
  to   space 26112K, 0% used [0x00000000f5a00000,0x00000000f5a00000,0x00000000f7380000)
 ParOldGen       total 204288K, used 55861K [0x00000000a0000000, 0x00000000ac780000, 0x00000000e0000000)
  object space 204288K, 27% used [0x00000000a0000000,0x00000000a368d4a0,0x00000000ac780000)
 Metaspace       used 98978K, capacity 105472K, committed 105548K, reserved 1140736K
  class space    used 12722K, capacity 14132K, committed 14196K, reserved 1048576K
}
Event: 1040.190 GC heap before
{Heap before GC invocations=36 (full 4):
 PSYoungGen      total 315392K, used 315386K [0x00000000e0000000, 0x00000000f7380000, 0x0000000100000000)
  eden space 293888K, 100% used [0x00000000e0000000,0x00000000f1f00000,0x00000000f1f00000)
  from space 21504K, 99% used [0x00000000f1f00000,0x00000000f33fe8d0,0x00000000f3400000)
  to   space 26112K, 0% used [0x00000000f5a00000,0x00000000f5a00000,0x00000000f7380000)
 ParOldGen       total 204288K, used 55861K [0x00000000a0000000, 0x00000000ac780000, 0x00000000e0000000)
  object space 204288K, 27% used [0x00000000a0000000,0x00000000a368d4a0,0x00000000ac780000)
 Metaspace       used 99225K, capacity 105808K, committed 106060K, reserved 1140736K
  class space    used 12735K, capacity 14174K, committed 14196K, reserved 1048576K
Event: 1040.213 GC heap after
Heap after GC invocations=36 (full 4):
 PSYoungGen      total 348672K, used 26093K [0x00000000e0000000, 0x00000000f7600000, 0x0000000100000000)
  eden space 322560K, 0% used [0x00000000e0000000,0x00000000e0000000,0x00000000f3b00000)
  from space 26112K, 99% used [0x00000000f5a00000,0x00000000f737b518,0x00000000f7380000)
  to   space 30208K, 0% used [0x00000000f3b00000,0x00000000f3b00000,0x00000000f5880000)
 ParOldGen       total 204288K, used 56979K [0x00000000a0000000, 0x00000000ac780000, 0x00000000e0000000)
  object space 204288K, 27% used [0x00000000a0000000,0x00000000a37a4d40,0x00000000ac780000)
 Metaspace       used 99225K, capacity 105808K, committed 106060K, reserved 1140736K
  class space    used 12735K, capacity 14174K, committed 14196K, reserved 1048576K
}
Event: 1040.684 GC heap before
{Heap before GC invocations=37 (full 4):
 PSYoungGen      total 348672K, used 348240K [0x00000000e0000000, 0x00000000f7600000, 0x0000000100000000)
  eden space 322560K, 99% used [0x00000000e0000000,0x00000000f3a98cb0,0x00000000f3b00000)
  from space 26112K, 99% used [0x00000000f5a00000,0x00000000f737b518,0x00000000f7380000)
  to   space 30208K, 0% used [0x00000000f3b00000,0x00000000f3b00000,0x00000000f5880000)
 ParOldGen       total 204288K, used 56979K [0x00000000a0000000, 0x00000000ac780000, 0x00000000e0000000)
  object space 204288K, 27% used [0x00000000a0000000,0x00000000a37a4d40,0x00000000ac780000)
 Metaspace       used 99232K, capacity 105808K, committed 106060K, reserved 1140736K
  class space    used 12735K, capacity 14174K, committed 14196K, reserved 1048576K
Event: 1040.706 GC heap after
Heap after GC invocations=37 (full 4):
 PSYoungGen      total 352768K, used 26441K [0x00000000e0000000, 0x00000000fa580000, 0x0000000100000000)
  eden space 322560K, 0% used [0x00000000e0000000,0x00000000e0000000,0x00000000f3b00000)
  from space 30208K, 87% used [0x00000000f3b00000,0x00000000f54d2488,0x00000000f5880000)
  to   space 33280K, 0% used [0x00000000f8500000,0x00000000f8500000,0x00000000fa580000)
 ParOldGen       total 204288K, used 56979K [0x00000000a0000000, 0x00000000ac780000, 0x00000000e0000000)
  object space 204288K, 27% used [0x00000000a0000000,0x00000000a37a4d40,0x00000000ac780000)
 Metaspace       used 99232K, capacity 105808K, committed 106060K, reserved 1140736K
  class space    used 12735K, capacity 14174K, committed 14196K, reserved 1048576K
}

