# JRE version: OpenJDK Runtime Environment (8.0_152-b02) (build 1.8.0_152-release-1024-b02)
# Java VM: OpenJDK 64-Bit Server VM (25.152-b02 mixed mode windows-amd64 compressed oops)
Heap:
 PSYoungGen      total 280064K, used 96892K [0x00000000e0000000, 0x00000000f2d80000, 0x0000000100000000)
  eden space 253440K, 34% used [0x00000000e0000000,0x00000000e54991c0,0x00000000ef780000)
  from space 26624K, 38% used [0x00000000f1380000,0x00000000f1d86228,0x00000000f2d80000)
  to   space 27648K, 0% used [0x00000000ef780000,0x00000000ef780000,0x00000000f1280000)
 ParOldGen       total 201216K, used 73421K [0x00000000a0000000, 0x00000000ac480000, 0x00000000e0000000)
  object space 201216K, 36% used [0x00000000a0000000,0x00000000a47b3658,0x00000000ac480000)
 Metaspace       used 99092K, capacity 104264K, committed 104524K, reserved 1140736K
  class space    used 12993K, capacity 14102K, committed 14208K, reserved 1048576K
GC Heap History (10 events):
Event: 351.396 GC heap before
{Heap before GC invocations=20 (full 3):
 PSYoungGen      total 209408K, used 209381K [0x00000000e0000000, 0x00000000eed80000, 0x0000000100000000)
  eden space 186880K, 100% used [0x00000000e0000000,0x00000000eb680000,0x00000000eb680000)
  from space 22528K, 99% used [0x00000000ed080000,0x00000000ee679670,0x00000000ee680000)
  to   space 26624K, 0% used [0x00000000eb680000,0x00000000eb680000,0x00000000ed080000)
 ParOldGen       total 153600K, used 50004K [0x00000000a0000000, 0x00000000a9600000, 0x00000000e0000000)
  object space 153600K, 32% used [0x00000000a0000000,0x00000000a30d51f8,0x00000000a9600000)
 Metaspace       used 81558K, capacity 85178K, committed 85504K, reserved 1122304K
  class space    used 10788K, capacity 11658K, committed 11776K, reserved 1048576K
Event: 351.414 GC heap after
Heap after GC invocations=20 (full 3):
 PSYoungGen      total 213504K, used 13069K [0x00000000e0000000, 0x00000000efc00000, 0x0000000100000000)
  eden space 186880K, 0% used [0x00000000e0000000,0x00000000e0000000,0x00000000eb680000)
  from space 26624K, 49% used [0x00000000eb680000,0x00000000ec343528,0x00000000ed080000)
  to   space 25600K, 0% used [0x00000000ee300000,0x00000000ee300000,0x00000000efc00000)
 ParOldGen       total 153600K, used 60037K [0x00000000a0000000, 0x00000000a9600000, 0x00000000e0000000)
  object space 153600K, 39% used [0x00000000a0000000,0x00000000a3aa1438,0x00000000a9600000)
 Metaspace       used 81558K, capacity 85178K, committed 85504K, reserved 1122304K
  class space    used 10788K, capacity 11658K, committed 11776K, reserved 1048576K
}
Event: 356.544 GC heap before
{Heap before GC invocations=21 (full 3):
 PSYoungGen      total 213504K, used 199949K [0x00000000e0000000, 0x00000000efc00000, 0x0000000100000000)
  eden space 186880K, 100% used [0x00000000e0000000,0x00000000eb680000,0x00000000eb680000)
  from space 26624K, 49% used [0x00000000eb680000,0x00000000ec343528,0x00000000ed080000)
  to   space 25600K, 0% used [0x00000000ee300000,0x00000000ee300000,0x00000000efc00000)
 ParOldGen       total 153600K, used 60037K [0x00000000a0000000, 0x00000000a9600000, 0x00000000e0000000)
  object space 153600K, 39% used [0x00000000a0000000,0x00000000a3aa1438,0x00000000a9600000)
 Metaspace       used 92208K, capacity 96378K, committed 96512K, reserved 1132544K
  class space    used 12090K, capacity 13037K, committed 13056K, reserved 1048576K
Event: 356.566 GC heap after
Heap after GC invocations=21 (full 3):
 PSYoungGen      total 228352K, used 25585K [0x00000000e0000000, 0x00000000f0280000, 0x0000000100000000)
  eden space 202752K, 0% used [0x00000000e0000000,0x00000000e0000000,0x00000000ec600000)
  from space 25600K, 99% used [0x00000000ee300000,0x00000000efbfc530,0x00000000efc00000)
  to   space 29696K, 0% used [0x00000000ec600000,0x00000000ec600000,0x00000000ee300000)
 ParOldGen       total 153600K, used 61847K [0x00000000a0000000, 0x00000000a9600000, 0x00000000e0000000)
  object space 153600K, 40% used [0x00000000a0000000,0x00000000a3c65cd8,0x00000000a9600000)
 Metaspace       used 92208K, capacity 96378K, committed 96512K, reserved 1132544K
  class space    used 12090K, capacity 13037K, committed 13056K, reserved 1048576K
}
Event: 356.698 GC heap before
{Heap before GC invocations=22 (full 3):
 PSYoungGen      total 228352K, used 35609K [0x00000000e0000000, 0x00000000f0280000, 0x0000000100000000)
  eden space 202752K, 4% used [0x00000000e0000000,0x00000000e09c9fa0,0x00000000ec600000)
  from space 25600K, 99% used [0x00000000ee300000,0x00000000efbfc530,0x00000000efc00000)
  to   space 29696K, 0% used [0x00000000ec600000,0x00000000ec600000,0x00000000ee300000)
 ParOldGen       total 153600K, used 61847K [0x00000000a0000000, 0x00000000a9600000, 0x00000000e0000000)
  object space 153600K, 40% used [0x00000000a0000000,0x00000000a3c65cd8,0x00000000a9600000)
 Metaspace       used 93889K, capacity 98246K, committed 98380K, reserved 1134592K
  class space    used 12372K, capacity 13359K, committed 13440K, reserved 1048576K
Event: 356.719 GC heap after
Heap after GC invocations=22 (full 3):
 PSYoungGen      total 232448K, used 13587K [0x00000000e0000000, 0x00000000f2f80000, 0x0000000100000000)
  eden space 202752K, 0% used [0x00000000e0000000,0x00000000e0000000,0x00000000ec600000)
  from space 29696K, 45% used [0x00000000ec600000,0x00000000ed344f98,0x00000000ee300000)
  to   space 28672K, 0% used [0x00000000f1380000,0x00000000f1380000,0x00000000f2f80000)
 ParOldGen       total 153600K, used 72183K [0x00000000a0000000, 0x00000000a9600000, 0x00000000e0000000)
  object space 153600K, 46% used [0x00000000a0000000,0x00000000a467dc00,0x00000000a9600000)
 Metaspace       used 93889K, capacity 98246K, committed 98380K, reserved 1134592K
  class space    used 12372K, capacity 13359K, committed 13440K, reserved 1048576K
}
Event: 356.720 GC heap before
{Heap before GC invocations=23 (full 4):
 PSYoungGen      total 232448K, used 13587K [0x00000000e0000000, 0x00000000f2f80000, 0x0000000100000000)
  eden space 202752K, 0% used [0x00000000e0000000,0x00000000e0000000,0x00000000ec600000)
  from space 29696K, 45% used [0x00000000ec600000,0x00000000ed344f98,0x00000000ee300000)
  to   space 28672K, 0% used [0x00000000f1380000,0x00000000f1380000,0x00000000f2f80000)
 ParOldGen       total 153600K, used 72183K [0x00000000a0000000, 0x00000000a9600000, 0x00000000e0000000)
  object space 153600K, 46% used [0x00000000a0000000,0x00000000a467dc00,0x00000000a9600000)
 Metaspace       used 93889K, capacity 98246K, committed 98380K, reserved 1134592K
  class space    used 12372K, capacity 13359K, committed 13440K, reserved 1048576K
Event: 357.023 GC heap after
Heap after GC invocations=23 (full 4):
 PSYoungGen      total 232448K, used 0K [0x00000000e0000000, 0x00000000f2f80000, 0x0000000100000000)
  eden space 202752K, 0% used [0x00000000e0000000,0x00000000e0000000,0x00000000ec600000)
  from space 29696K, 0% used [0x00000000ec600000,0x00000000ec600000,0x00000000ee300000)
  to   space 28672K, 0% used [0x00000000f1380000,0x00000000f1380000,0x00000000f2f80000)
 ParOldGen       total 201216K, used 73413K [0x00000000a0000000, 0x00000000ac480000, 0x00000000e0000000)
  object space 201216K, 36% used [0x00000000a0000000,0x00000000a47b1658,0x00000000ac480000)
 Metaspace       used 93489K, capacity 97322K, committed 98380K, reserved 1134592K
  class space    used 12232K, capacity 13120K, committed 13440K, reserved 1048576K
}
Event: 589.415 GC heap before
{Heap before GC invocations=24 (full 4):
 PSYoungGen      total 232448K, used 202752K [0x00000000e0000000, 0x00000000f2f80000, 0x0000000100000000)
  eden space 202752K, 100% used [0x00000000e0000000,0x00000000ec600000,0x00000000ec600000)
  from space 29696K, 0% used [0x00000000ec600000,0x00000000ec600000,0x00000000ee300000)
  to   space 28672K, 0% used [0x00000000f1380000,0x00000000f1380000,0x00000000f2f80000)
 ParOldGen       total 201216K, used 73413K [0x00000000a0000000, 0x00000000ac480000, 0x00000000e0000000)
  object space 201216K, 36% used [0x00000000a0000000,0x00000000a47b1658,0x00000000ac480000)
 Metaspace       used 98729K, capacity 103842K, committed 104012K, reserved 1138688K
  class space    used 12985K, capacity 14090K, committed 14208K, reserved 1048576K
Event: 589.435 GC heap after
Heap after GC invocations=24 (full 4):
 PSYoungGen      total 280064K, used 10264K [0x00000000e0000000, 0x00000000f2d80000, 0x0000000100000000)
  eden space 253440K, 0% used [0x00000000e0000000,0x00000000e0000000,0x00000000ef780000)
  from space 26624K, 38% used [0x00000000f1380000,0x00000000f1d86228,0x00000000f2d80000)
  to   space 27648K, 0% used [0x00000000ef780000,0x00000000ef780000,0x00000000f1280000)
 ParOldGen       total 201216K, used 73421K [0x00000000a0000000, 0x00000000ac480000, 0x00000000e0000000)
  object space 201216K, 36% used [0x00000000a0000000,0x00000000a47b3658,0x00000000ac480000)
 Metaspace       used 98729K, capacity 103842K, committed 104012K, reserved 1138688K
  class space    used 12985K, capacity 14090K, committed 14208K, reserved 1048576K
}

